{"/workspace/wdb/Campground_Finder_CS5394/app.js": {"path":"/workspace/wdb/Campground_Finder_CS5394/app.js","statementMap":{"0":{"start":{"line":1,"column":14},"end":{"line":1,"column":32}},"1":{"start":{"line":2,"column":10},"end":{"line":2,"column":19}},"2":{"start":{"line":3,"column":17},"end":{"line":3,"column":39}},"3":{"start":{"line":4,"column":18},"end":{"line":4,"column":37}},"4":{"start":{"line":5,"column":15},"end":{"line":5,"column":34}},"5":{"start":{"line":6,"column":20},"end":{"line":6,"column":45}},"6":{"start":{"line":7,"column":21},"end":{"line":7,"column":47}},"7":{"start":{"line":8,"column":17},"end":{"line":8,"column":47}},"8":{"start":{"line":9,"column":14},"end":{"line":9,"column":41}},"9":{"start":{"line":10,"column":11},"end":{"line":10,"column":35}},"10":{"start":{"line":11,"column":13},"end":{"line":11,"column":31}},"11":{"start":{"line":13,"column":20},"end":{"line":13,"column":48}},"12":{"start":{"line":14,"column":20},"end":{"line":14,"column":51}},"13":{"start":{"line":15,"column":15},"end":{"line":15,"column":40}},"14":{"start":{"line":18,"column":0},"end":{"line":21,"column":3}},"15":{"start":{"line":23,"column":0},"end":{"line":23,"column":49}},"16":{"start":{"line":24,"column":0},"end":{"line":24,"column":29}},"17":{"start":{"line":25,"column":0},"end":{"line":25,"column":47}},"18":{"start":{"line":26,"column":0},"end":{"line":26,"column":35}},"19":{"start":{"line":32,"column":0},"end":{"line":36,"column":4}},"20":{"start":{"line":37,"column":0},"end":{"line":37,"column":31}},"21":{"start":{"line":38,"column":0},"end":{"line":38,"column":28}},"22":{"start":{"line":39,"column":0},"end":{"line":39,"column":53}},"23":{"start":{"line":40,"column":0},"end":{"line":40,"column":45}},"24":{"start":{"line":41,"column":0},"end":{"line":41,"column":49}},"25":{"start":{"line":43,"column":0},"end":{"line":46,"column":9}},"26":{"start":{"line":44,"column":6},"end":{"line":44,"column":40}},"27":{"start":{"line":45,"column":5},"end":{"line":45,"column":12}},"28":{"start":{"line":48,"column":0},"end":{"line":48,"column":23}},"29":{"start":{"line":49,"column":0},"end":{"line":49,"column":26}},"30":{"start":{"line":50,"column":0},"end":{"line":50,"column":21}},"31":{"start":{"line":53,"column":0},"end":{"line":57,"column":2}},"32":{"start":{"line":54,"column":0},"end":{"line":56,"column":3}},"33":{"start":{"line":55,"column":1},"end":{"line":55,"column":55}},"34":{"start":{"line":59,"column":0},"end":{"line":59,"column":21}}},"fnMap":{"0":{"name":"(anonymous_0)","decl":{"start":{"line":43,"column":8},"end":{"line":43,"column":9}},"loc":{"start":{"line":43,"column":32},"end":{"line":46,"column":7}},"line":43},"1":{"name":"(anonymous_1)","decl":{"start":{"line":54,"column":16},"end":{"line":54,"column":17}},"loc":{"start":{"line":54,"column":26},"end":{"line":56,"column":1}},"line":54}},"branchMap":{"0":{"loc":{"start":{"line":53,"column":0},"end":{"line":57,"column":2}},"type":"if","locations":[{"start":{"line":53,"column":0},"end":{"line":57,"column":2}},{"start":{"line":53,"column":0},"end":{"line":57,"column":2}}],"line":53}},"s":{"0":2,"1":2,"2":2,"3":2,"4":2,"5":2,"6":2,"7":2,"8":2,"9":2,"10":2,"11":2,"12":2,"13":2,"14":2,"15":2,"16":2,"17":2,"18":2,"19":2,"20":2,"21":2,"22":2,"23":2,"24":2,"25":2,"26":0,"27":0,"28":2,"29":2,"30":2,"31":2,"32":0,"33":0,"34":2},"f":{"0":0,"1":0},"b":{"0":[0,2]},"_coverageSchema":"1a1c01bbd47fc00a2c39e90264f33305004495a9","hash":"97dcf08d7c7a13f422713dab4c58dc9e9f4635e6"}
,"/workspace/wdb/Campground_Finder_CS5394/seeds.js": {"path":"/workspace/wdb/Campground_Finder_CS5394/seeds.js","statementMap":{"0":{"start":{"line":1,"column":15},"end":{"line":1,"column":34}},"1":{"start":{"line":2,"column":17},"end":{"line":2,"column":47}},"2":{"start":{"line":3,"column":16},"end":{"line":3,"column":43}},"3":{"start":{"line":6,"column":11},"end":{"line":22,"column":1}},"4":{"start":{"line":26,"column":3},"end":{"line":61,"column":7}},"5":{"start":{"line":27,"column":8},"end":{"line":29,"column":9}},"6":{"start":{"line":28,"column":12},"end":{"line":28,"column":29}},"7":{"start":{"line":30,"column":8},"end":{"line":30,"column":44}},"8":{"start":{"line":37,"column":12},"end":{"line":59,"column":15}},"9":{"start":{"line":38,"column":16},"end":{"line":58,"column":19}},"10":{"start":{"line":39,"column":20},"end":{"line":57,"column":21}},"11":{"start":{"line":40,"column":24},"end":{"line":40,"column":40}},"12":{"start":{"line":42,"column":24},"end":{"line":42,"column":58}},"13":{"start":{"line":44,"column":24},"end":{"line":56,"column":31}},"14":{"start":{"line":49,"column":32},"end":{"line":55,"column":33}},"15":{"start":{"line":50,"column":36},"end":{"line":50,"column":53}},"16":{"start":{"line":52,"column":36},"end":{"line":52,"column":70}},"17":{"start":{"line":53,"column":36},"end":{"line":53,"column":54}},"18":{"start":{"line":54,"column":36},"end":{"line":54,"column":71}},"19":{"start":{"line":65,"column":0},"end":{"line":65,"column":24}}},"fnMap":{"0":{"name":"seedDB","decl":{"start":{"line":24,"column":9},"end":{"line":24,"column":15}},"loc":{"start":{"line":24,"column":17},"end":{"line":63,"column":1}},"line":24},"1":{"name":"(anonymous_1)","decl":{"start":{"line":26,"column":25},"end":{"line":26,"column":26}},"loc":{"start":{"line":26,"column":38},"end":{"line":61,"column":5}},"line":26},"2":{"name":"(anonymous_2)","decl":{"start":{"line":37,"column":25},"end":{"line":37,"column":26}},"loc":{"start":{"line":37,"column":39},"end":{"line":59,"column":13}},"line":37},"3":{"name":"(anonymous_3)","decl":{"start":{"line":38,"column":40},"end":{"line":38,"column":41}},"loc":{"start":{"line":38,"column":65},"end":{"line":58,"column":17}},"line":38},"4":{"name":"(anonymous_4)","decl":{"start":{"line":48,"column":31},"end":{"line":48,"column":32}},"loc":{"start":{"line":48,"column":53},"end":{"line":56,"column":29}},"line":48}},"branchMap":{"0":{"loc":{"start":{"line":27,"column":8},"end":{"line":29,"column":9}},"type":"if","locations":[{"start":{"line":27,"column":8},"end":{"line":29,"column":9}},{"start":{"line":27,"column":8},"end":{"line":29,"column":9}}],"line":27},"1":{"loc":{"start":{"line":39,"column":20},"end":{"line":57,"column":21}},"type":"if","locations":[{"start":{"line":39,"column":20},"end":{"line":57,"column":21}},{"start":{"line":39,"column":20},"end":{"line":57,"column":21}}],"line":39},"2":{"loc":{"start":{"line":49,"column":32},"end":{"line":55,"column":33}},"type":"if","locations":[{"start":{"line":49,"column":32},"end":{"line":55,"column":33}},{"start":{"line":49,"column":32},"end":{"line":55,"column":33}}],"line":49}},"s":{"0":2,"1":2,"2":2,"3":2,"4":0,"5":0,"6":0,"7":0,"8":0,"9":0,"10":0,"11":0,"12":0,"13":0,"14":0,"15":0,"16":0,"17":0,"18":0,"19":2},"f":{"0":0,"1":0,"2":0,"3":0,"4":0},"b":{"0":[0,0],"1":[0,0],"2":[0,0]},"_coverageSchema":"1a1c01bbd47fc00a2c39e90264f33305004495a9","hash":"fabcc2003904fcec8f659006230b3875c02584a8"}
,"/workspace/wdb/Campground_Finder_CS5394/models/campground.js": {"path":"/workspace/wdb/Campground_Finder_CS5394/models/campground.js","statementMap":{"0":{"start":{"line":1,"column":15},"end":{"line":1,"column":34}},"1":{"start":{"line":3,"column":23},"end":{"line":20,"column":2}},"2":{"start":{"line":22,"column":0},"end":{"line":22,"column":64}}},"fnMap":{},"branchMap":{},"s":{"0":3,"1":3,"2":3},"f":{},"b":{},"_coverageSchema":"1a1c01bbd47fc00a2c39e90264f33305004495a9","hash":"a1d2f9ad948d583b01672b3a8d4292a0f32d6cb3"}
,"/workspace/wdb/Campground_Finder_CS5394/models/comment.js": {"path":"/workspace/wdb/Campground_Finder_CS5394/models/comment.js","statementMap":{"0":{"start":{"line":1,"column":15},"end":{"line":1,"column":34}},"1":{"start":{"line":3,"column":20},"end":{"line":12,"column":2}},"2":{"start":{"line":14,"column":0},"end":{"line":14,"column":58}}},"fnMap":{},"branchMap":{},"s":{"0":3,"1":3,"2":3},"f":{},"b":{},"_coverageSchema":"1a1c01bbd47fc00a2c39e90264f33305004495a9","hash":"710b944f064dbfb35790f2b7ca4a29bfd276a41e"}
,"/workspace/wdb/Campground_Finder_CS5394/models/user.js": {"path":"/workspace/wdb/Campground_Finder_CS5394/models/user.js","statementMap":{"0":{"start":{"line":1,"column":15},"end":{"line":1,"column":34}},"1":{"start":{"line":2,"column":28},"end":{"line":2,"column":62}},"2":{"start":{"line":4,"column":17},"end":{"line":7,"column":2}},"3":{"start":{"line":9,"column":0},"end":{"line":9,"column":41}},"4":{"start":{"line":11,"column":0},"end":{"line":11,"column":51}}},"fnMap":{},"branchMap":{},"s":{"0":4,"1":4,"2":4,"3":4,"4":4},"f":{},"b":{},"_coverageSchema":"1a1c01bbd47fc00a2c39e90264f33305004495a9","hash":"2f8f6704f62a47b4e62e8c1471739b6d0e479d05"}
,"/workspace/wdb/Campground_Finder_CS5394/routes/campgrounds.js": {"path":"/workspace/wdb/Campground_Finder_CS5394/routes/campgrounds.js","statementMap":{"0":{"start":{"line":1,"column":14},"end":{"line":1,"column":32}},"1":{"start":{"line":2,"column":13},"end":{"line":2,"column":29}},"2":{"start":{"line":3,"column":17},"end":{"line":3,"column":48}},"3":{"start":{"line":6,"column":0},"end":{"line":15,"column":3}},"4":{"start":{"line":8,"column":4},"end":{"line":14,"column":7}},"5":{"start":{"line":9,"column":7},"end":{"line":13,"column":8}},"6":{"start":{"line":10,"column":11},"end":{"line":10,"column":28}},"7":{"start":{"line":12,"column":10},"end":{"line":12,"column":94}},"8":{"start":{"line":18,"column":0},"end":{"line":37,"column":3}},"9":{"start":{"line":20,"column":15},"end":{"line":20,"column":28}},"10":{"start":{"line":21,"column":16},"end":{"line":21,"column":30}},"11":{"start":{"line":22,"column":15},"end":{"line":22,"column":35}},"12":{"start":{"line":23,"column":14},"end":{"line":26,"column":2}},"13":{"start":{"line":27,"column":24},"end":{"line":27,"column":84}},"14":{"start":{"line":29,"column":4},"end":{"line":36,"column":7}},"15":{"start":{"line":30,"column":8},"end":{"line":35,"column":9}},"16":{"start":{"line":31,"column":12},"end":{"line":31,"column":29}},"17":{"start":{"line":34,"column":12},"end":{"line":34,"column":41}},"18":{"start":{"line":40,"column":0},"end":{"line":42,"column":3}},"19":{"start":{"line":41,"column":1},"end":{"line":41,"column":31}},"20":{"start":{"line":45,"column":0},"end":{"line":56,"column":3}},"21":{"start":{"line":47,"column":4},"end":{"line":55,"column":7}},"22":{"start":{"line":48,"column":8},"end":{"line":54,"column":9}},"23":{"start":{"line":49,"column":12},"end":{"line":49,"column":29}},"24":{"start":{"line":53,"column":12},"end":{"line":53,"column":74}},"25":{"start":{"line":59,"column":0},"end":{"line":67,"column":3}},"26":{"start":{"line":61,"column":2},"end":{"line":64,"column":5}},"27":{"start":{"line":62,"column":5},"end":{"line":62,"column":65}},"28":{"start":{"line":69,"column":0},"end":{"line":79,"column":3}},"29":{"start":{"line":71,"column":1},"end":{"line":77,"column":4}},"30":{"start":{"line":72,"column":2},"end":{"line":76,"column":3}},"31":{"start":{"line":73,"column":3},"end":{"line":73,"column":32}},"32":{"start":{"line":75,"column":3},"end":{"line":75,"column":47}},"33":{"start":{"line":82,"column":0},"end":{"line":90,"column":3}},"34":{"start":{"line":83,"column":1},"end":{"line":89,"column":4}},"35":{"start":{"line":84,"column":2},"end":{"line":88,"column":3}},"36":{"start":{"line":85,"column":3},"end":{"line":85,"column":32}},"37":{"start":{"line":87,"column":3},"end":{"line":87,"column":32}},"38":{"start":{"line":94,"column":1},"end":{"line":96,"column":2}},"39":{"start":{"line":95,"column":2},"end":{"line":95,"column":16}},"40":{"start":{"line":97,"column":1},"end":{"line":97,"column":24}},"41":{"start":{"line":101,"column":1},"end":{"line":117,"column":2}},"42":{"start":{"line":102,"column":2},"end":{"line":114,"column":5}},"43":{"start":{"line":103,"column":3},"end":{"line":113,"column":4}},"44":{"start":{"line":104,"column":4},"end":{"line":104,"column":25}},"45":{"start":{"line":107,"column":4},"end":{"line":111,"column":5}},"46":{"start":{"line":108,"column":5},"end":{"line":108,"column":12}},"47":{"start":{"line":110,"column":5},"end":{"line":110,"column":26}},"48":{"start":{"line":116,"column":2},"end":{"line":116,"column":23}},"49":{"start":{"line":120,"column":0},"end":{"line":120,"column":24}}},"fnMap":{"0":{"name":"(anonymous_0)","decl":{"start":{"line":6,"column":27},"end":{"line":6,"column":28}},"loc":{"start":{"line":6,"column":45},"end":{"line":15,"column":1}},"line":6},"1":{"name":"(anonymous_1)","decl":{"start":{"line":8,"column":24},"end":{"line":8,"column":25}},"loc":{"start":{"line":8,"column":53},"end":{"line":14,"column":5}},"line":8},"2":{"name":"(anonymous_2)","decl":{"start":{"line":18,"column":40},"end":{"line":18,"column":41}},"loc":{"start":{"line":18,"column":58},"end":{"line":37,"column":1}},"line":18},"3":{"name":"(anonymous_3)","decl":{"start":{"line":29,"column":37},"end":{"line":29,"column":38}},"loc":{"start":{"line":29,"column":64},"end":{"line":36,"column":5}},"line":29},"4":{"name":"(anonymous_4)","decl":{"start":{"line":40,"column":43},"end":{"line":40,"column":44}},"loc":{"start":{"line":40,"column":60},"end":{"line":42,"column":1}},"line":40},"5":{"name":"(anonymous_5)","decl":{"start":{"line":45,"column":31},"end":{"line":45,"column":32}},"loc":{"start":{"line":45,"column":49},"end":{"line":56,"column":1}},"line":45},"6":{"name":"(anonymous_6)","decl":{"start":{"line":47,"column":65},"end":{"line":47,"column":66}},"loc":{"start":{"line":47,"column":95},"end":{"line":55,"column":5}},"line":47},"7":{"name":"(anonymous_7)","decl":{"start":{"line":59,"column":60},"end":{"line":59,"column":61}},"loc":{"start":{"line":59,"column":77},"end":{"line":67,"column":1}},"line":59},"8":{"name":"(anonymous_8)","decl":{"start":{"line":61,"column":36},"end":{"line":61,"column":37}},"loc":{"start":{"line":61,"column":65},"end":{"line":64,"column":3}},"line":61},"9":{"name":"(anonymous_9)","decl":{"start":{"line":69,"column":55},"end":{"line":69,"column":56}},"loc":{"start":{"line":69,"column":72},"end":{"line":79,"column":1}},"line":69},"10":{"name":"(anonymous_10)","decl":{"start":{"line":71,"column":64},"end":{"line":71,"column":65}},"loc":{"start":{"line":71,"column":95},"end":{"line":77,"column":2}},"line":71},"11":{"name":"(anonymous_11)","decl":{"start":{"line":82,"column":58},"end":{"line":82,"column":59}},"loc":{"start":{"line":82,"column":75},"end":{"line":90,"column":1}},"line":82},"12":{"name":"(anonymous_12)","decl":{"start":{"line":83,"column":44},"end":{"line":83,"column":45}},"loc":{"start":{"line":83,"column":57},"end":{"line":89,"column":2}},"line":83},"13":{"name":"isLoggedIn","decl":{"start":{"line":93,"column":9},"end":{"line":93,"column":19}},"loc":{"start":{"line":93,"column":35},"end":{"line":98,"column":1}},"line":93},"14":{"name":"checkCampgroundOwnership","decl":{"start":{"line":100,"column":9},"end":{"line":100,"column":33}},"loc":{"start":{"line":100,"column":47},"end":{"line":118,"column":1}},"line":100},"15":{"name":"(anonymous_15)","decl":{"start":{"line":102,"column":36},"end":{"line":102,"column":37}},"loc":{"start":{"line":102,"column":65},"end":{"line":114,"column":3}},"line":102}},"branchMap":{"0":{"loc":{"start":{"line":9,"column":7},"end":{"line":13,"column":8}},"type":"if","locations":[{"start":{"line":9,"column":7},"end":{"line":13,"column":8}},{"start":{"line":9,"column":7},"end":{"line":13,"column":8}}],"line":9},"1":{"loc":{"start":{"line":30,"column":8},"end":{"line":35,"column":9}},"type":"if","locations":[{"start":{"line":30,"column":8},"end":{"line":35,"column":9}},{"start":{"line":30,"column":8},"end":{"line":35,"column":9}}],"line":30},"2":{"loc":{"start":{"line":48,"column":8},"end":{"line":54,"column":9}},"type":"if","locations":[{"start":{"line":48,"column":8},"end":{"line":54,"column":9}},{"start":{"line":48,"column":8},"end":{"line":54,"column":9}}],"line":48},"3":{"loc":{"start":{"line":72,"column":2},"end":{"line":76,"column":3}},"type":"if","locations":[{"start":{"line":72,"column":2},"end":{"line":76,"column":3}},{"start":{"line":72,"column":2},"end":{"line":76,"column":3}}],"line":72},"4":{"loc":{"start":{"line":84,"column":2},"end":{"line":88,"column":3}},"type":"if","locations":[{"start":{"line":84,"column":2},"end":{"line":88,"column":3}},{"start":{"line":84,"column":2},"end":{"line":88,"column":3}}],"line":84},"5":{"loc":{"start":{"line":94,"column":1},"end":{"line":96,"column":2}},"type":"if","locations":[{"start":{"line":94,"column":1},"end":{"line":96,"column":2}},{"start":{"line":94,"column":1},"end":{"line":96,"column":2}}],"line":94},"6":{"loc":{"start":{"line":101,"column":1},"end":{"line":117,"column":2}},"type":"if","locations":[{"start":{"line":101,"column":1},"end":{"line":117,"column":2}},{"start":{"line":101,"column":1},"end":{"line":117,"column":2}}],"line":101},"7":{"loc":{"start":{"line":103,"column":3},"end":{"line":113,"column":4}},"type":"if","locations":[{"start":{"line":103,"column":3},"end":{"line":113,"column":4}},{"start":{"line":103,"column":3},"end":{"line":113,"column":4}}],"line":103},"8":{"loc":{"start":{"line":107,"column":4},"end":{"line":111,"column":5}},"type":"if","locations":[{"start":{"line":107,"column":4},"end":{"line":111,"column":5}},{"start":{"line":107,"column":4},"end":{"line":111,"column":5}}],"line":107}},"s":{"0":2,"1":2,"2":2,"3":2,"4":0,"5":0,"6":0,"7":0,"8":2,"9":0,"10":0,"11":0,"12":0,"13":0,"14":0,"15":0,"16":0,"17":0,"18":2,"19":0,"20":2,"21":0,"22":0,"23":0,"24":0,"25":2,"26":0,"27":0,"28":2,"29":0,"30":0,"31":0,"32":0,"33":2,"34":0,"35":0,"36":0,"37":0,"38":0,"39":0,"40":0,"41":0,"42":0,"43":0,"44":0,"45":0,"46":0,"47":0,"48":0,"49":2},"f":{"0":0,"1":0,"2":0,"3":0,"4":0,"5":0,"6":0,"7":0,"8":0,"9":0,"10":0,"11":0,"12":0,"13":0,"14":0,"15":0},"b":{"0":[0,0],"1":[0,0],"2":[0,0],"3":[0,0],"4":[0,0],"5":[0,0],"6":[0,0],"7":[0,0],"8":[0,0]},"_coverageSchema":"1a1c01bbd47fc00a2c39e90264f33305004495a9","hash":"8c289349847d45d80a5ee1bc8e3bd042735ee6f5"}
,"/workspace/wdb/Campground_Finder_CS5394/routes/comments.js": {"path":"/workspace/wdb/Campground_Finder_CS5394/routes/comments.js","statementMap":{"0":{"start":{"line":1,"column":14},"end":{"line":1,"column":32}},"1":{"start":{"line":2,"column":13},"end":{"line":2,"column":29}},"2":{"start":{"line":3,"column":17},"end":{"line":3,"column":48}},"3":{"start":{"line":4,"column":14},"end":{"line":4,"column":42}},"4":{"start":{"line":7,"column":0},"end":{"line":17,"column":3}},"5":{"start":{"line":9,"column":1},"end":{"line":15,"column":4}},"6":{"start":{"line":10,"column":2},"end":{"line":14,"column":3}},"7":{"start":{"line":11,"column":3},"end":{"line":11,"column":20}},"8":{"start":{"line":13,"column":3},"end":{"line":13,"column":55}},"9":{"start":{"line":20,"column":0},"end":{"line":43,"column":3}},"10":{"start":{"line":22,"column":1},"end":{"line":42,"column":4}},"11":{"start":{"line":23,"column":2},"end":{"line":41,"column":3}},"12":{"start":{"line":24,"column":3},"end":{"line":24,"column":20}},"13":{"start":{"line":25,"column":3},"end":{"line":25,"column":32}},"14":{"start":{"line":27,"column":3},"end":{"line":40,"column":6}},"15":{"start":{"line":28,"column":4},"end":{"line":39,"column":5}},"16":{"start":{"line":29,"column":5},"end":{"line":29,"column":22}},"17":{"start":{"line":32,"column":5},"end":{"line":32,"column":38}},"18":{"start":{"line":33,"column":5},"end":{"line":33,"column":49}},"19":{"start":{"line":35,"column":5},"end":{"line":35,"column":20}},"20":{"start":{"line":36,"column":5},"end":{"line":36,"column":39}},"21":{"start":{"line":37,"column":5},"end":{"line":37,"column":23}},"22":{"start":{"line":38,"column":5},"end":{"line":38,"column":52}},"23":{"start":{"line":46,"column":0},"end":{"line":55,"column":3}},"24":{"start":{"line":47,"column":1},"end":{"line":53,"column":4}},"25":{"start":{"line":48,"column":2},"end":{"line":52,"column":3}},"26":{"start":{"line":49,"column":3},"end":{"line":49,"column":22}},"27":{"start":{"line":51,"column":3},"end":{"line":51,"column":82}},"28":{"start":{"line":58,"column":0},"end":{"line":66,"column":3}},"29":{"start":{"line":59,"column":1},"end":{"line":65,"column":4}},"30":{"start":{"line":60,"column":2},"end":{"line":64,"column":3}},"31":{"start":{"line":61,"column":3},"end":{"line":61,"column":24}},"32":{"start":{"line":63,"column":4},"end":{"line":63,"column":51}},"33":{"start":{"line":69,"column":0},"end":{"line":77,"column":3}},"34":{"start":{"line":70,"column":1},"end":{"line":76,"column":3}},"35":{"start":{"line":71,"column":2},"end":{"line":75,"column":3}},"36":{"start":{"line":72,"column":3},"end":{"line":72,"column":24}},"37":{"start":{"line":74,"column":3},"end":{"line":74,"column":49}},"38":{"start":{"line":81,"column":1},"end":{"line":83,"column":2}},"39":{"start":{"line":82,"column":2},"end":{"line":82,"column":16}},"40":{"start":{"line":84,"column":1},"end":{"line":84,"column":24}},"41":{"start":{"line":88,"column":1},"end":{"line":104,"column":2}},"42":{"start":{"line":89,"column":2},"end":{"line":101,"column":5}},"43":{"start":{"line":90,"column":3},"end":{"line":100,"column":4}},"44":{"start":{"line":91,"column":4},"end":{"line":91,"column":25}},"45":{"start":{"line":94,"column":4},"end":{"line":98,"column":5}},"46":{"start":{"line":95,"column":5},"end":{"line":95,"column":12}},"47":{"start":{"line":97,"column":5},"end":{"line":97,"column":26}},"48":{"start":{"line":103,"column":2},"end":{"line":103,"column":23}},"49":{"start":{"line":107,"column":0},"end":{"line":107,"column":24}}},"fnMap":{"0":{"name":"(anonymous_0)","decl":{"start":{"line":7,"column":56},"end":{"line":7,"column":57}},"loc":{"start":{"line":7,"column":73},"end":{"line":17,"column":1}},"line":7},"1":{"name":"(anonymous_1)","decl":{"start":{"line":9,"column":36},"end":{"line":9,"column":37}},"loc":{"start":{"line":9,"column":61},"end":{"line":15,"column":2}},"line":9},"2":{"name":"(anonymous_2)","decl":{"start":{"line":20,"column":53},"end":{"line":20,"column":54}},"loc":{"start":{"line":20,"column":70},"end":{"line":43,"column":1}},"line":20},"3":{"name":"(anonymous_3)","decl":{"start":{"line":22,"column":35},"end":{"line":22,"column":36}},"loc":{"start":{"line":22,"column":60},"end":{"line":42,"column":2}},"line":22},"4":{"name":"(anonymous_4)","decl":{"start":{"line":27,"column":35},"end":{"line":27,"column":36}},"loc":{"start":{"line":27,"column":57},"end":{"line":40,"column":4}},"line":27},"5":{"name":"(anonymous_5)","decl":{"start":{"line":46,"column":78},"end":{"line":46,"column":79}},"loc":{"start":{"line":46,"column":95},"end":{"line":55,"column":1}},"line":46},"6":{"name":"(anonymous_6)","decl":{"start":{"line":47,"column":40},"end":{"line":47,"column":41}},"loc":{"start":{"line":47,"column":66},"end":{"line":53,"column":2}},"line":47},"7":{"name":"(anonymous_7)","decl":{"start":{"line":58,"column":73},"end":{"line":58,"column":74}},"loc":{"start":{"line":58,"column":90},"end":{"line":66,"column":1}},"line":58},"8":{"name":"(anonymous_8)","decl":{"start":{"line":59,"column":67},"end":{"line":59,"column":68}},"loc":{"start":{"line":59,"column":95},"end":{"line":65,"column":2}},"line":59},"9":{"name":"(anonymous_9)","decl":{"start":{"line":69,"column":76},"end":{"line":69,"column":77}},"loc":{"start":{"line":69,"column":93},"end":{"line":77,"column":1}},"line":69},"10":{"name":"(anonymous_10)","decl":{"start":{"line":70,"column":49},"end":{"line":70,"column":50}},"loc":{"start":{"line":70,"column":62},"end":{"line":76,"column":2}},"line":70},"11":{"name":"isLoggedIn","decl":{"start":{"line":80,"column":9},"end":{"line":80,"column":19}},"loc":{"start":{"line":80,"column":35},"end":{"line":85,"column":1}},"line":80},"12":{"name":"checkCommentOwnership","decl":{"start":{"line":87,"column":9},"end":{"line":87,"column":30}},"loc":{"start":{"line":87,"column":44},"end":{"line":105,"column":1}},"line":87},"13":{"name":"(anonymous_13)","decl":{"start":{"line":89,"column":41},"end":{"line":89,"column":42}},"loc":{"start":{"line":89,"column":67},"end":{"line":101,"column":3}},"line":89}},"branchMap":{"0":{"loc":{"start":{"line":10,"column":2},"end":{"line":14,"column":3}},"type":"if","locations":[{"start":{"line":10,"column":2},"end":{"line":14,"column":3}},{"start":{"line":10,"column":2},"end":{"line":14,"column":3}}],"line":10},"1":{"loc":{"start":{"line":23,"column":2},"end":{"line":41,"column":3}},"type":"if","locations":[{"start":{"line":23,"column":2},"end":{"line":41,"column":3}},{"start":{"line":23,"column":2},"end":{"line":41,"column":3}}],"line":23},"2":{"loc":{"start":{"line":28,"column":4},"end":{"line":39,"column":5}},"type":"if","locations":[{"start":{"line":28,"column":4},"end":{"line":39,"column":5}},{"start":{"line":28,"column":4},"end":{"line":39,"column":5}}],"line":28},"3":{"loc":{"start":{"line":48,"column":2},"end":{"line":52,"column":3}},"type":"if","locations":[{"start":{"line":48,"column":2},"end":{"line":52,"column":3}},{"start":{"line":48,"column":2},"end":{"line":52,"column":3}}],"line":48},"4":{"loc":{"start":{"line":60,"column":2},"end":{"line":64,"column":3}},"type":"if","locations":[{"start":{"line":60,"column":2},"end":{"line":64,"column":3}},{"start":{"line":60,"column":2},"end":{"line":64,"column":3}}],"line":60},"5":{"loc":{"start":{"line":71,"column":2},"end":{"line":75,"column":3}},"type":"if","locations":[{"start":{"line":71,"column":2},"end":{"line":75,"column":3}},{"start":{"line":71,"column":2},"end":{"line":75,"column":3}}],"line":71},"6":{"loc":{"start":{"line":81,"column":1},"end":{"line":83,"column":2}},"type":"if","locations":[{"start":{"line":81,"column":1},"end":{"line":83,"column":2}},{"start":{"line":81,"column":1},"end":{"line":83,"column":2}}],"line":81},"7":{"loc":{"start":{"line":88,"column":1},"end":{"line":104,"column":2}},"type":"if","locations":[{"start":{"line":88,"column":1},"end":{"line":104,"column":2}},{"start":{"line":88,"column":1},"end":{"line":104,"column":2}}],"line":88},"8":{"loc":{"start":{"line":90,"column":3},"end":{"line":100,"column":4}},"type":"if","locations":[{"start":{"line":90,"column":3},"end":{"line":100,"column":4}},{"start":{"line":90,"column":3},"end":{"line":100,"column":4}}],"line":90},"9":{"loc":{"start":{"line":94,"column":4},"end":{"line":98,"column":5}},"type":"if","locations":[{"start":{"line":94,"column":4},"end":{"line":98,"column":5}},{"start":{"line":94,"column":4},"end":{"line":98,"column":5}}],"line":94}},"s":{"0":2,"1":2,"2":2,"3":2,"4":2,"5":0,"6":0,"7":0,"8":0,"9":2,"10":0,"11":0,"12":0,"13":0,"14":0,"15":0,"16":0,"17":0,"18":0,"19":0,"20":0,"21":0,"22":0,"23":2,"24":0,"25":0,"26":0,"27":0,"28":2,"29":0,"30":0,"31":0,"32":0,"33":2,"34":0,"35":0,"36":0,"37":0,"38":0,"39":0,"40":0,"41":0,"42":0,"43":0,"44":0,"45":0,"46":0,"47":0,"48":0,"49":2},"f":{"0":0,"1":0,"2":0,"3":0,"4":0,"5":0,"6":0,"7":0,"8":0,"9":0,"10":0,"11":0,"12":0,"13":0},"b":{"0":[0,0],"1":[0,0],"2":[0,0],"3":[0,0],"4":[0,0],"5":[0,0],"6":[0,0],"7":[0,0],"8":[0,0],"9":[0,0]},"_coverageSchema":"1a1c01bbd47fc00a2c39e90264f33305004495a9","hash":"fe09f2d30e5c25cda01b3b2ebc66d6238c49873d"}
,"/workspace/wdb/Campground_Finder_CS5394/routes/index.js": {"path":"/workspace/wdb/Campground_Finder_CS5394/routes/index.js","statementMap":{"0":{"start":{"line":1,"column":14},"end":{"line":1,"column":32}},"1":{"start":{"line":2,"column":13},"end":{"line":2,"column":29}},"2":{"start":{"line":3,"column":15},"end":{"line":3,"column":34}},"3":{"start":{"line":4,"column":11},"end":{"line":4,"column":36}},"4":{"start":{"line":7,"column":0},"end":{"line":9,"column":3}},"5":{"start":{"line":8,"column":1},"end":{"line":8,"column":23}},"6":{"start":{"line":13,"column":0},"end":{"line":15,"column":3}},"7":{"start":{"line":14,"column":1},"end":{"line":14,"column":24}},"8":{"start":{"line":18,"column":0},"end":{"line":30,"column":4}},"9":{"start":{"line":19,"column":15},"end":{"line":19,"column":54}},"10":{"start":{"line":20,"column":1},"end":{"line":29,"column":4}},"11":{"start":{"line":21,"column":2},"end":{"line":25,"column":3}},"12":{"start":{"line":23,"column":3},"end":{"line":23,"column":20}},"13":{"start":{"line":24,"column":3},"end":{"line":24,"column":26}},"14":{"start":{"line":26,"column":3},"end":{"line":28,"column":6}},"15":{"start":{"line":27,"column":4},"end":{"line":27,"column":33}},"16":{"start":{"line":33,"column":0},"end":{"line":35,"column":3}},"17":{"start":{"line":34,"column":1},"end":{"line":34,"column":21}},"18":{"start":{"line":38,"column":0},"end":{"line":43,"column":3}},"19":{"start":{"line":46,"column":0},"end":{"line":49,"column":3}},"20":{"start":{"line":47,"column":1},"end":{"line":47,"column":14}},"21":{"start":{"line":48,"column":1},"end":{"line":48,"column":30}},"22":{"start":{"line":53,"column":1},"end":{"line":55,"column":2}},"23":{"start":{"line":54,"column":2},"end":{"line":54,"column":16}},"24":{"start":{"line":56,"column":1},"end":{"line":56,"column":24}},"25":{"start":{"line":59,"column":0},"end":{"line":59,"column":24}}},"fnMap":{"0":{"name":"(anonymous_0)","decl":{"start":{"line":7,"column":15},"end":{"line":7,"column":16}},"loc":{"start":{"line":7,"column":32},"end":{"line":9,"column":1}},"line":7},"1":{"name":"(anonymous_1)","decl":{"start":{"line":13,"column":24},"end":{"line":13,"column":25}},"loc":{"start":{"line":13,"column":42},"end":{"line":15,"column":1}},"line":13},"2":{"name":"(anonymous_2)","decl":{"start":{"line":18,"column":26},"end":{"line":18,"column":27}},"loc":{"start":{"line":18,"column":44},"end":{"line":30,"column":2}},"line":18},"3":{"name":"(anonymous_3)","decl":{"start":{"line":20,"column":43},"end":{"line":20,"column":44}},"loc":{"start":{"line":20,"column":62},"end":{"line":29,"column":3}},"line":20},"4":{"name":"(anonymous_4)","decl":{"start":{"line":26,"column":42},"end":{"line":26,"column":43}},"loc":{"start":{"line":26,"column":52},"end":{"line":28,"column":4}},"line":26},"5":{"name":"(anonymous_5)","decl":{"start":{"line":33,"column":22},"end":{"line":33,"column":23}},"loc":{"start":{"line":33,"column":39},"end":{"line":35,"column":1}},"line":33},"6":{"name":"(anonymous_6)","decl":{"start":{"line":42,"column":6},"end":{"line":42,"column":7}},"loc":{"start":{"line":42,"column":23},"end":{"line":43,"column":1}},"line":42},"7":{"name":"(anonymous_7)","decl":{"start":{"line":46,"column":22},"end":{"line":46,"column":23}},"loc":{"start":{"line":46,"column":40},"end":{"line":49,"column":1}},"line":46},"8":{"name":"isLoggedIn","decl":{"start":{"line":52,"column":9},"end":{"line":52,"column":19}},"loc":{"start":{"line":52,"column":35},"end":{"line":57,"column":1}},"line":52}},"branchMap":{"0":{"loc":{"start":{"line":21,"column":2},"end":{"line":25,"column":3}},"type":"if","locations":[{"start":{"line":21,"column":2},"end":{"line":25,"column":3}},{"start":{"line":21,"column":2},"end":{"line":25,"column":3}}],"line":21},"1":{"loc":{"start":{"line":53,"column":1},"end":{"line":55,"column":2}},"type":"if","locations":[{"start":{"line":53,"column":1},"end":{"line":55,"column":2}},{"start":{"line":53,"column":1},"end":{"line":55,"column":2}}],"line":53}},"s":{"0":3,"1":3,"2":3,"3":3,"4":3,"5":0,"6":3,"7":0,"8":3,"9":0,"10":0,"11":0,"12":0,"13":0,"14":0,"15":0,"16":3,"17":0,"18":3,"19":3,"20":0,"21":0,"22":0,"23":0,"24":0,"25":3},"f":{"0":0,"1":0,"2":0,"3":0,"4":0,"5":0,"6":0,"7":0,"8":0},"b":{"0":[0,0],"1":[0,0]},"_coverageSchema":"1a1c01bbd47fc00a2c39e90264f33305004495a9","hash":"a4262cb1aac6bd07018ea96fc1eac090aa31fc23"}
}
