{"/workspace/wdb/Campground_Finder_CS5394/app.js": {"path":"/workspace/wdb/Campground_Finder_CS5394/app.js","statementMap":{"0":{"start":{"line":1,"column":14},"end":{"line":1,"column":32}},"1":{"start":{"line":2,"column":10},"end":{"line":2,"column":19}},"2":{"start":{"line":3,"column":17},"end":{"line":3,"column":39}},"3":{"start":{"line":4,"column":18},"end":{"line":4,"column":37}},"4":{"start":{"line":5,"column":12},"end":{"line":5,"column":36}},"5":{"start":{"line":6,"column":15},"end":{"line":6,"column":34}},"6":{"start":{"line":7,"column":20},"end":{"line":7,"column":45}},"7":{"start":{"line":8,"column":21},"end":{"line":8,"column":47}},"8":{"start":{"line":9,"column":17},"end":{"line":9,"column":47}},"9":{"start":{"line":10,"column":14},"end":{"line":10,"column":41}},"10":{"start":{"line":11,"column":11},"end":{"line":11,"column":35}},"11":{"start":{"line":12,"column":13},"end":{"line":12,"column":31}},"12":{"start":{"line":14,"column":20},"end":{"line":14,"column":48}},"13":{"start":{"line":15,"column":20},"end":{"line":15,"column":51}},"14":{"start":{"line":16,"column":15},"end":{"line":16,"column":40}},"15":{"start":{"line":19,"column":0},"end":{"line":22,"column":3}},"16":{"start":{"line":24,"column":0},"end":{"line":24,"column":49}},"17":{"start":{"line":25,"column":0},"end":{"line":25,"column":29}},"18":{"start":{"line":26,"column":0},"end":{"line":26,"column":47}},"19":{"start":{"line":27,"column":0},"end":{"line":27,"column":35}},"20":{"start":{"line":28,"column":0},"end":{"line":28,"column":17}},"21":{"start":{"line":33,"column":0},"end":{"line":37,"column":4}},"22":{"start":{"line":38,"column":0},"end":{"line":38,"column":31}},"23":{"start":{"line":39,"column":0},"end":{"line":39,"column":28}},"24":{"start":{"line":40,"column":0},"end":{"line":40,"column":53}},"25":{"start":{"line":41,"column":0},"end":{"line":41,"column":45}},"26":{"start":{"line":42,"column":0},"end":{"line":42,"column":49}},"27":{"start":{"line":44,"column":0},"end":{"line":49,"column":3}},"28":{"start":{"line":45,"column":1},"end":{"line":45,"column":35}},"29":{"start":{"line":46,"column":1},"end":{"line":46,"column":39}},"30":{"start":{"line":47,"column":1},"end":{"line":47,"column":43}},"31":{"start":{"line":48,"column":1},"end":{"line":48,"column":8}},"32":{"start":{"line":51,"column":0},"end":{"line":51,"column":23}},"33":{"start":{"line":52,"column":0},"end":{"line":52,"column":26}},"34":{"start":{"line":53,"column":0},"end":{"line":53,"column":21}},"35":{"start":{"line":56,"column":0},"end":{"line":60,"column":2}},"36":{"start":{"line":57,"column":0},"end":{"line":59,"column":3}},"37":{"start":{"line":58,"column":1},"end":{"line":58,"column":55}},"38":{"start":{"line":62,"column":0},"end":{"line":62,"column":21}}},"fnMap":{"0":{"name":"(anonymous_0)","decl":{"start":{"line":44,"column":8},"end":{"line":44,"column":9}},"loc":{"start":{"line":44,"column":32},"end":{"line":49,"column":1}},"line":44},"1":{"name":"(anonymous_1)","decl":{"start":{"line":57,"column":16},"end":{"line":57,"column":17}},"loc":{"start":{"line":57,"column":26},"end":{"line":59,"column":1}},"line":57}},"branchMap":{"0":{"loc":{"start":{"line":56,"column":0},"end":{"line":60,"column":2}},"type":"if","locations":[{"start":{"line":56,"column":0},"end":{"line":60,"column":2}},{"start":{"line":56,"column":0},"end":{"line":60,"column":2}}],"line":56}},"s":{"0":1,"1":1,"2":1,"3":1,"4":1,"5":1,"6":1,"7":1,"8":1,"9":1,"10":1,"11":1,"12":1,"13":1,"14":1,"15":1,"16":1,"17":1,"18":1,"19":1,"20":1,"21":1,"22":1,"23":1,"24":1,"25":1,"26":1,"27":1,"28":0,"29":0,"30":0,"31":0,"32":1,"33":1,"34":1,"35":1,"36":0,"37":0,"38":1},"f":{"0":0,"1":0},"b":{"0":[0,1]},"_coverageSchema":"1a1c01bbd47fc00a2c39e90264f33305004495a9","hash":"498ea489796c82f37ea86247e2b46419fac6dbb2"}
,"/workspace/wdb/Campground_Finder_CS5394/seeds.js": {"path":"/workspace/wdb/Campground_Finder_CS5394/seeds.js","statementMap":{"0":{"start":{"line":1,"column":15},"end":{"line":1,"column":34}},"1":{"start":{"line":2,"column":17},"end":{"line":2,"column":47}},"2":{"start":{"line":3,"column":16},"end":{"line":3,"column":43}},"3":{"start":{"line":6,"column":11},"end":{"line":22,"column":1}},"4":{"start":{"line":26,"column":3},"end":{"line":61,"column":7}},"5":{"start":{"line":27,"column":8},"end":{"line":29,"column":9}},"6":{"start":{"line":28,"column":12},"end":{"line":28,"column":29}},"7":{"start":{"line":30,"column":8},"end":{"line":30,"column":44}},"8":{"start":{"line":37,"column":12},"end":{"line":59,"column":15}},"9":{"start":{"line":38,"column":16},"end":{"line":58,"column":19}},"10":{"start":{"line":39,"column":20},"end":{"line":57,"column":21}},"11":{"start":{"line":40,"column":24},"end":{"line":40,"column":40}},"12":{"start":{"line":42,"column":24},"end":{"line":42,"column":58}},"13":{"start":{"line":44,"column":24},"end":{"line":56,"column":31}},"14":{"start":{"line":49,"column":32},"end":{"line":55,"column":33}},"15":{"start":{"line":50,"column":36},"end":{"line":50,"column":53}},"16":{"start":{"line":52,"column":36},"end":{"line":52,"column":70}},"17":{"start":{"line":53,"column":36},"end":{"line":53,"column":54}},"18":{"start":{"line":54,"column":36},"end":{"line":54,"column":71}},"19":{"start":{"line":65,"column":0},"end":{"line":65,"column":24}}},"fnMap":{"0":{"name":"seedDB","decl":{"start":{"line":24,"column":9},"end":{"line":24,"column":15}},"loc":{"start":{"line":24,"column":17},"end":{"line":63,"column":1}},"line":24},"1":{"name":"(anonymous_1)","decl":{"start":{"line":26,"column":25},"end":{"line":26,"column":26}},"loc":{"start":{"line":26,"column":38},"end":{"line":61,"column":5}},"line":26},"2":{"name":"(anonymous_2)","decl":{"start":{"line":37,"column":25},"end":{"line":37,"column":26}},"loc":{"start":{"line":37,"column":39},"end":{"line":59,"column":13}},"line":37},"3":{"name":"(anonymous_3)","decl":{"start":{"line":38,"column":40},"end":{"line":38,"column":41}},"loc":{"start":{"line":38,"column":65},"end":{"line":58,"column":17}},"line":38},"4":{"name":"(anonymous_4)","decl":{"start":{"line":48,"column":31},"end":{"line":48,"column":32}},"loc":{"start":{"line":48,"column":53},"end":{"line":56,"column":29}},"line":48}},"branchMap":{"0":{"loc":{"start":{"line":27,"column":8},"end":{"line":29,"column":9}},"type":"if","locations":[{"start":{"line":27,"column":8},"end":{"line":29,"column":9}},{"start":{"line":27,"column":8},"end":{"line":29,"column":9}}],"line":27},"1":{"loc":{"start":{"line":39,"column":20},"end":{"line":57,"column":21}},"type":"if","locations":[{"start":{"line":39,"column":20},"end":{"line":57,"column":21}},{"start":{"line":39,"column":20},"end":{"line":57,"column":21}}],"line":39},"2":{"loc":{"start":{"line":49,"column":32},"end":{"line":55,"column":33}},"type":"if","locations":[{"start":{"line":49,"column":32},"end":{"line":55,"column":33}},{"start":{"line":49,"column":32},"end":{"line":55,"column":33}}],"line":49}},"s":{"0":1,"1":1,"2":1,"3":1,"4":0,"5":0,"6":0,"7":0,"8":0,"9":0,"10":0,"11":0,"12":0,"13":0,"14":0,"15":0,"16":0,"17":0,"18":0,"19":1},"f":{"0":0,"1":0,"2":0,"3":0,"4":0},"b":{"0":[0,0],"1":[0,0],"2":[0,0]},"_coverageSchema":"1a1c01bbd47fc00a2c39e90264f33305004495a9","hash":"fabcc2003904fcec8f659006230b3875c02584a8"}
,"/workspace/wdb/Campground_Finder_CS5394/middleware/index.js": {"path":"/workspace/wdb/Campground_Finder_CS5394/middleware/index.js","statementMap":{"0":{"start":{"line":1,"column":17},"end":{"line":1,"column":48}},"1":{"start":{"line":2,"column":14},"end":{"line":2,"column":42}},"2":{"start":{"line":4,"column":19},"end":{"line":4,"column":21}},"3":{"start":{"line":6,"column":0},"end":{"line":27,"column":1}},"4":{"start":{"line":7,"column":1},"end":{"line":26,"column":2}},"5":{"start":{"line":8,"column":2},"end":{"line":22,"column":5}},"6":{"start":{"line":9,"column":3},"end":{"line":21,"column":4}},"7":{"start":{"line":10,"column":4},"end":{"line":10,"column":45}},"8":{"start":{"line":11,"column":4},"end":{"line":11,"column":25}},"9":{"start":{"line":14,"column":4},"end":{"line":19,"column":5}},"10":{"start":{"line":15,"column":5},"end":{"line":15,"column":12}},"11":{"start":{"line":17,"column":5},"end":{"line":17,"column":63}},"12":{"start":{"line":18,"column":5},"end":{"line":18,"column":26}},"13":{"start":{"line":24,"column":2},"end":{"line":24,"column":59}},"14":{"start":{"line":25,"column":2},"end":{"line":25,"column":23}},"15":{"start":{"line":29,"column":0},"end":{"line":50,"column":1}},"16":{"start":{"line":30,"column":1},"end":{"line":49,"column":2}},"17":{"start":{"line":31,"column":2},"end":{"line":45,"column":5}},"18":{"start":{"line":32,"column":3},"end":{"line":44,"column":4}},"19":{"start":{"line":33,"column":4},"end":{"line":33,"column":43}},"20":{"start":{"line":34,"column":4},"end":{"line":34,"column":25}},"21":{"start":{"line":37,"column":4},"end":{"line":42,"column":5}},"22":{"start":{"line":38,"column":5},"end":{"line":38,"column":12}},"23":{"start":{"line":40,"column":5},"end":{"line":40,"column":63}},"24":{"start":{"line":41,"column":5},"end":{"line":41,"column":26}},"25":{"start":{"line":47,"column":2},"end":{"line":47,"column":59}},"26":{"start":{"line":48,"column":2},"end":{"line":48,"column":23}},"27":{"start":{"line":52,"column":0},"end":{"line":58,"column":1}},"28":{"start":{"line":53,"column":1},"end":{"line":55,"column":2}},"29":{"start":{"line":54,"column":2},"end":{"line":54,"column":16}},"30":{"start":{"line":56,"column":1},"end":{"line":56,"column":58}},"31":{"start":{"line":57,"column":1},"end":{"line":57,"column":24}},"32":{"start":{"line":60,"column":0},"end":{"line":60,"column":31}}},"fnMap":{"0":{"name":"(anonymous_0)","decl":{"start":{"line":6,"column":41},"end":{"line":6,"column":42}},"loc":{"start":{"line":6,"column":63},"end":{"line":27,"column":1}},"line":6},"1":{"name":"(anonymous_1)","decl":{"start":{"line":8,"column":36},"end":{"line":8,"column":37}},"loc":{"start":{"line":8,"column":65},"end":{"line":22,"column":3}},"line":8},"2":{"name":"(anonymous_2)","decl":{"start":{"line":29,"column":38},"end":{"line":29,"column":39}},"loc":{"start":{"line":29,"column":60},"end":{"line":50,"column":1}},"line":29},"3":{"name":"(anonymous_3)","decl":{"start":{"line":31,"column":41},"end":{"line":31,"column":42}},"loc":{"start":{"line":31,"column":67},"end":{"line":45,"column":3}},"line":31},"4":{"name":"(anonymous_4)","decl":{"start":{"line":52,"column":27},"end":{"line":52,"column":28}},"loc":{"start":{"line":52,"column":51},"end":{"line":58,"column":1}},"line":52}},"branchMap":{"0":{"loc":{"start":{"line":7,"column":1},"end":{"line":26,"column":2}},"type":"if","locations":[{"start":{"line":7,"column":1},"end":{"line":26,"column":2}},{"start":{"line":7,"column":1},"end":{"line":26,"column":2}}],"line":7},"1":{"loc":{"start":{"line":9,"column":3},"end":{"line":21,"column":4}},"type":"if","locations":[{"start":{"line":9,"column":3},"end":{"line":21,"column":4}},{"start":{"line":9,"column":3},"end":{"line":21,"column":4}}],"line":9},"2":{"loc":{"start":{"line":9,"column":6},"end":{"line":9,"column":29}},"type":"binary-expr","locations":[{"start":{"line":9,"column":6},"end":{"line":9,"column":9}},{"start":{"line":9,"column":13},"end":{"line":9,"column":29}}],"line":9},"3":{"loc":{"start":{"line":14,"column":4},"end":{"line":19,"column":5}},"type":"if","locations":[{"start":{"line":14,"column":4},"end":{"line":19,"column":5}},{"start":{"line":14,"column":4},"end":{"line":19,"column":5}}],"line":14},"4":{"loc":{"start":{"line":30,"column":1},"end":{"line":49,"column":2}},"type":"if","locations":[{"start":{"line":30,"column":1},"end":{"line":49,"column":2}},{"start":{"line":30,"column":1},"end":{"line":49,"column":2}}],"line":30},"5":{"loc":{"start":{"line":32,"column":3},"end":{"line":44,"column":4}},"type":"if","locations":[{"start":{"line":32,"column":3},"end":{"line":44,"column":4}},{"start":{"line":32,"column":3},"end":{"line":44,"column":4}}],"line":32},"6":{"loc":{"start":{"line":32,"column":6},"end":{"line":32,"column":26}},"type":"binary-expr","locations":[{"start":{"line":32,"column":6},"end":{"line":32,"column":9}},{"start":{"line":32,"column":13},"end":{"line":32,"column":26}}],"line":32},"7":{"loc":{"start":{"line":37,"column":4},"end":{"line":42,"column":5}},"type":"if","locations":[{"start":{"line":37,"column":4},"end":{"line":42,"column":5}},{"start":{"line":37,"column":4},"end":{"line":42,"column":5}}],"line":37},"8":{"loc":{"start":{"line":53,"column":1},"end":{"line":55,"column":2}},"type":"if","locations":[{"start":{"line":53,"column":1},"end":{"line":55,"column":2}},{"start":{"line":53,"column":1},"end":{"line":55,"column":2}}],"line":53}},"s":{"0":1,"1":1,"2":1,"3":1,"4":0,"5":0,"6":0,"7":0,"8":0,"9":0,"10":0,"11":0,"12":0,"13":0,"14":0,"15":1,"16":0,"17":0,"18":0,"19":0,"20":0,"21":0,"22":0,"23":0,"24":0,"25":0,"26":0,"27":1,"28":0,"29":0,"30":0,"31":0,"32":1},"f":{"0":0,"1":0,"2":0,"3":0,"4":0},"b":{"0":[0,0],"1":[0,0],"2":[0,0],"3":[0,0],"4":[0,0],"5":[0,0],"6":[0,0],"7":[0,0],"8":[0,0]},"_coverageSchema":"1a1c01bbd47fc00a2c39e90264f33305004495a9","hash":"599ecec69e56b1bdbc71d8ea24d3de1198600e8b"}
,"/workspace/wdb/Campground_Finder_CS5394/models/campground.js": {"path":"/workspace/wdb/Campground_Finder_CS5394/models/campground.js","statementMap":{"0":{"start":{"line":1,"column":15},"end":{"line":1,"column":34}},"1":{"start":{"line":3,"column":23},"end":{"line":21,"column":2}},"2":{"start":{"line":23,"column":0},"end":{"line":23,"column":64}}},"fnMap":{},"branchMap":{},"s":{"0":1,"1":1,"2":1},"f":{},"b":{},"_coverageSchema":"1a1c01bbd47fc00a2c39e90264f33305004495a9","hash":"ffa2e0739be6beb78f63040ace8ae7aa05c63104"}
,"/workspace/wdb/Campground_Finder_CS5394/models/comment.js": {"path":"/workspace/wdb/Campground_Finder_CS5394/models/comment.js","statementMap":{"0":{"start":{"line":1,"column":15},"end":{"line":1,"column":34}},"1":{"start":{"line":3,"column":20},"end":{"line":12,"column":2}},"2":{"start":{"line":14,"column":0},"end":{"line":14,"column":58}}},"fnMap":{},"branchMap":{},"s":{"0":1,"1":1,"2":1},"f":{},"b":{},"_coverageSchema":"1a1c01bbd47fc00a2c39e90264f33305004495a9","hash":"710b944f064dbfb35790f2b7ca4a29bfd276a41e"}
,"/workspace/wdb/Campground_Finder_CS5394/models/user.js": {"path":"/workspace/wdb/Campground_Finder_CS5394/models/user.js","statementMap":{"0":{"start":{"line":1,"column":15},"end":{"line":1,"column":34}},"1":{"start":{"line":2,"column":28},"end":{"line":2,"column":62}},"2":{"start":{"line":4,"column":17},"end":{"line":7,"column":2}},"3":{"start":{"line":9,"column":0},"end":{"line":9,"column":41}},"4":{"start":{"line":11,"column":0},"end":{"line":11,"column":51}}},"fnMap":{},"branchMap":{},"s":{"0":1,"1":1,"2":1,"3":1,"4":1},"f":{},"b":{},"_coverageSchema":"1a1c01bbd47fc00a2c39e90264f33305004495a9","hash":"2f8f6704f62a47b4e62e8c1471739b6d0e479d05"}
,"/workspace/wdb/Campground_Finder_CS5394/routes/campgrounds.js": {"path":"/workspace/wdb/Campground_Finder_CS5394/routes/campgrounds.js","statementMap":{"0":{"start":{"line":1,"column":14},"end":{"line":1,"column":32}},"1":{"start":{"line":2,"column":13},"end":{"line":2,"column":29}},"2":{"start":{"line":3,"column":17},"end":{"line":3,"column":48}},"3":{"start":{"line":4,"column":17},"end":{"line":4,"column":41}},"4":{"start":{"line":8,"column":20},"end":{"line":8,"column":76}},"5":{"start":{"line":8,"column":28},"end":{"line":8,"column":76}},"6":{"start":{"line":11,"column":0},"end":{"line":34,"column":3}},"7":{"start":{"line":12,"column":18},"end":{"line":12,"column":22}},"8":{"start":{"line":13,"column":4},"end":{"line":33,"column":3}},"9":{"start":{"line":14,"column":21},"end":{"line":14,"column":68}},"10":{"start":{"line":15,"column":6},"end":{"line":23,"column":9}},"11":{"start":{"line":16,"column":9},"end":{"line":22,"column":11}},"12":{"start":{"line":16,"column":20},"end":{"line":16,"column":37}},"13":{"start":{"line":18,"column":7},"end":{"line":20,"column":7}},"14":{"start":{"line":19,"column":7},"end":{"line":19,"column":59}},"15":{"start":{"line":21,"column":7},"end":{"line":21,"column":135}},"16":{"start":{"line":26,"column":4},"end":{"line":32,"column":7}},"17":{"start":{"line":27,"column":7},"end":{"line":31,"column":8}},"18":{"start":{"line":28,"column":11},"end":{"line":28,"column":28}},"19":{"start":{"line":30,"column":10},"end":{"line":30,"column":113}},"20":{"start":{"line":37,"column":0},"end":{"line":57,"column":3}},"21":{"start":{"line":39,"column":15},"end":{"line":39,"column":28}},"22":{"start":{"line":40,"column":13},"end":{"line":40,"column":27}},"23":{"start":{"line":41,"column":16},"end":{"line":41,"column":30}},"24":{"start":{"line":42,"column":15},"end":{"line":42,"column":35}},"25":{"start":{"line":43,"column":14},"end":{"line":46,"column":2}},"26":{"start":{"line":47,"column":24},"end":{"line":47,"column":97}},"27":{"start":{"line":49,"column":4},"end":{"line":56,"column":7}},"28":{"start":{"line":50,"column":8},"end":{"line":55,"column":9}},"29":{"start":{"line":51,"column":12},"end":{"line":51,"column":29}},"30":{"start":{"line":54,"column":12},"end":{"line":54,"column":41}},"31":{"start":{"line":60,"column":0},"end":{"line":62,"column":3}},"32":{"start":{"line":61,"column":1},"end":{"line":61,"column":31}},"33":{"start":{"line":65,"column":0},"end":{"line":77,"column":3}},"34":{"start":{"line":67,"column":4},"end":{"line":76,"column":7}},"35":{"start":{"line":68,"column":8},"end":{"line":75,"column":9}},"36":{"start":{"line":69,"column":12},"end":{"line":69,"column":54}},"37":{"start":{"line":70,"column":3},"end":{"line":70,"column":24}},"38":{"start":{"line":74,"column":12},"end":{"line":74,"column":74}},"39":{"start":{"line":80,"column":0},"end":{"line":88,"column":3}},"40":{"start":{"line":82,"column":2},"end":{"line":85,"column":5}},"41":{"start":{"line":83,"column":5},"end":{"line":83,"column":65}},"42":{"start":{"line":90,"column":0},"end":{"line":100,"column":3}},"43":{"start":{"line":92,"column":1},"end":{"line":98,"column":4}},"44":{"start":{"line":93,"column":2},"end":{"line":97,"column":3}},"45":{"start":{"line":94,"column":3},"end":{"line":94,"column":32}},"46":{"start":{"line":96,"column":3},"end":{"line":96,"column":47}},"47":{"start":{"line":103,"column":0},"end":{"line":111,"column":3}},"48":{"start":{"line":104,"column":1},"end":{"line":110,"column":4}},"49":{"start":{"line":105,"column":2},"end":{"line":109,"column":3}},"50":{"start":{"line":106,"column":3},"end":{"line":106,"column":32}},"51":{"start":{"line":108,"column":3},"end":{"line":108,"column":32}},"52":{"start":{"line":117,"column":0},"end":{"line":117,"column":24}}},"fnMap":{"0":{"name":"(anonymous_0)","decl":{"start":{"line":8,"column":20},"end":{"line":8,"column":21}},"loc":{"start":{"line":8,"column":28},"end":{"line":8,"column":76}},"line":8},"1":{"name":"(anonymous_1)","decl":{"start":{"line":11,"column":27},"end":{"line":11,"column":28}},"loc":{"start":{"line":11,"column":45},"end":{"line":34,"column":1}},"line":11},"2":{"name":"(anonymous_2)","decl":{"start":{"line":15,"column":37},"end":{"line":15,"column":38}},"loc":{"start":{"line":15,"column":67},"end":{"line":23,"column":7}},"line":15},"3":{"name":"(anonymous_3)","decl":{"start":{"line":26,"column":24},"end":{"line":26,"column":25}},"loc":{"start":{"line":26,"column":53},"end":{"line":32,"column":5}},"line":26},"4":{"name":"(anonymous_4)","decl":{"start":{"line":37,"column":51},"end":{"line":37,"column":52}},"loc":{"start":{"line":37,"column":69},"end":{"line":57,"column":1}},"line":37},"5":{"name":"(anonymous_5)","decl":{"start":{"line":49,"column":37},"end":{"line":49,"column":38}},"loc":{"start":{"line":49,"column":64},"end":{"line":56,"column":5}},"line":49},"6":{"name":"(anonymous_6)","decl":{"start":{"line":60,"column":54},"end":{"line":60,"column":55}},"loc":{"start":{"line":60,"column":71},"end":{"line":62,"column":1}},"line":60},"7":{"name":"(anonymous_7)","decl":{"start":{"line":65,"column":31},"end":{"line":65,"column":32}},"loc":{"start":{"line":65,"column":49},"end":{"line":77,"column":1}},"line":65},"8":{"name":"(anonymous_8)","decl":{"start":{"line":67,"column":65},"end":{"line":67,"column":66}},"loc":{"start":{"line":67,"column":95},"end":{"line":76,"column":5}},"line":67},"9":{"name":"(anonymous_9)","decl":{"start":{"line":80,"column":71},"end":{"line":80,"column":72}},"loc":{"start":{"line":80,"column":88},"end":{"line":88,"column":1}},"line":80},"10":{"name":"(anonymous_10)","decl":{"start":{"line":82,"column":36},"end":{"line":82,"column":37}},"loc":{"start":{"line":82,"column":65},"end":{"line":85,"column":3}},"line":82},"11":{"name":"(anonymous_11)","decl":{"start":{"line":90,"column":66},"end":{"line":90,"column":67}},"loc":{"start":{"line":90,"column":83},"end":{"line":100,"column":1}},"line":90},"12":{"name":"(anonymous_12)","decl":{"start":{"line":92,"column":64},"end":{"line":92,"column":65}},"loc":{"start":{"line":92,"column":95},"end":{"line":98,"column":2}},"line":92},"13":{"name":"(anonymous_13)","decl":{"start":{"line":103,"column":69},"end":{"line":103,"column":70}},"loc":{"start":{"line":103,"column":86},"end":{"line":111,"column":1}},"line":103},"14":{"name":"(anonymous_14)","decl":{"start":{"line":104,"column":44},"end":{"line":104,"column":45}},"loc":{"start":{"line":104,"column":57},"end":{"line":110,"column":2}},"line":104}},"branchMap":{"0":{"loc":{"start":{"line":13,"column":4},"end":{"line":33,"column":3}},"type":"if","locations":[{"start":{"line":13,"column":4},"end":{"line":33,"column":3}},{"start":{"line":13,"column":4},"end":{"line":33,"column":3}}],"line":13},"1":{"loc":{"start":{"line":16,"column":9},"end":{"line":22,"column":11}},"type":"if","locations":[{"start":{"line":16,"column":9},"end":{"line":22,"column":11}},{"start":{"line":16,"column":9},"end":{"line":22,"column":11}}],"line":16},"2":{"loc":{"start":{"line":18,"column":7},"end":{"line":20,"column":7}},"type":"if","locations":[{"start":{"line":18,"column":7},"end":{"line":20,"column":7}},{"start":{"line":18,"column":7},"end":{"line":20,"column":7}}],"line":18},"3":{"loc":{"start":{"line":27,"column":7},"end":{"line":31,"column":8}},"type":"if","locations":[{"start":{"line":27,"column":7},"end":{"line":31,"column":8}},{"start":{"line":27,"column":7},"end":{"line":31,"column":8}}],"line":27},"4":{"loc":{"start":{"line":50,"column":8},"end":{"line":55,"column":9}},"type":"if","locations":[{"start":{"line":50,"column":8},"end":{"line":55,"column":9}},{"start":{"line":50,"column":8},"end":{"line":55,"column":9}}],"line":50},"5":{"loc":{"start":{"line":68,"column":8},"end":{"line":75,"column":9}},"type":"if","locations":[{"start":{"line":68,"column":8},"end":{"line":75,"column":9}},{"start":{"line":68,"column":8},"end":{"line":75,"column":9}}],"line":68},"6":{"loc":{"start":{"line":68,"column":11},"end":{"line":68,"column":34}},"type":"binary-expr","locations":[{"start":{"line":68,"column":11},"end":{"line":68,"column":14}},{"start":{"line":68,"column":18},"end":{"line":68,"column":34}}],"line":68},"7":{"loc":{"start":{"line":93,"column":2},"end":{"line":97,"column":3}},"type":"if","locations":[{"start":{"line":93,"column":2},"end":{"line":97,"column":3}},{"start":{"line":93,"column":2},"end":{"line":97,"column":3}}],"line":93},"8":{"loc":{"start":{"line":105,"column":2},"end":{"line":109,"column":3}},"type":"if","locations":[{"start":{"line":105,"column":2},"end":{"line":109,"column":3}},{"start":{"line":105,"column":2},"end":{"line":109,"column":3}}],"line":105}},"s":{"0":1,"1":1,"2":1,"3":1,"4":1,"5":0,"6":1,"7":0,"8":0,"9":0,"10":0,"11":0,"12":0,"13":0,"14":0,"15":0,"16":0,"17":0,"18":0,"19":0,"20":1,"21":0,"22":0,"23":0,"24":0,"25":0,"26":0,"27":0,"28":0,"29":0,"30":0,"31":1,"32":0,"33":1,"34":0,"35":0,"36":0,"37":0,"38":0,"39":1,"40":0,"41":0,"42":1,"43":0,"44":0,"45":0,"46":0,"47":1,"48":0,"49":0,"50":0,"51":0,"52":1},"f":{"0":0,"1":0,"2":0,"3":0,"4":0,"5":0,"6":0,"7":0,"8":0,"9":0,"10":0,"11":0,"12":0,"13":0,"14":0},"b":{"0":[0,0],"1":[0,0],"2":[0,0],"3":[0,0],"4":[0,0],"5":[0,0],"6":[0,0],"7":[0,0],"8":[0,0]},"_coverageSchema":"1a1c01bbd47fc00a2c39e90264f33305004495a9","hash":"e69dfa63b859545a18b928971055d3a9efe01f37"}
,"/workspace/wdb/Campground_Finder_CS5394/routes/comments.js": {"path":"/workspace/wdb/Campground_Finder_CS5394/routes/comments.js","statementMap":{"0":{"start":{"line":1,"column":14},"end":{"line":1,"column":32}},"1":{"start":{"line":2,"column":13},"end":{"line":2,"column":29}},"2":{"start":{"line":3,"column":17},"end":{"line":3,"column":48}},"3":{"start":{"line":4,"column":14},"end":{"line":4,"column":42}},"4":{"start":{"line":5,"column":17},"end":{"line":5,"column":41}},"5":{"start":{"line":8,"column":0},"end":{"line":18,"column":3}},"6":{"start":{"line":10,"column":1},"end":{"line":16,"column":4}},"7":{"start":{"line":11,"column":2},"end":{"line":15,"column":3}},"8":{"start":{"line":12,"column":3},"end":{"line":12,"column":20}},"9":{"start":{"line":14,"column":3},"end":{"line":14,"column":55}},"10":{"start":{"line":21,"column":0},"end":{"line":46,"column":3}},"11":{"start":{"line":23,"column":1},"end":{"line":45,"column":4}},"12":{"start":{"line":24,"column":2},"end":{"line":44,"column":3}},"13":{"start":{"line":25,"column":3},"end":{"line":25,"column":20}},"14":{"start":{"line":26,"column":3},"end":{"line":26,"column":32}},"15":{"start":{"line":28,"column":3},"end":{"line":43,"column":6}},"16":{"start":{"line":29,"column":4},"end":{"line":42,"column":5}},"17":{"start":{"line":30,"column":5},"end":{"line":30,"column":47}},"18":{"start":{"line":31,"column":5},"end":{"line":31,"column":22}},"19":{"start":{"line":34,"column":5},"end":{"line":34,"column":38}},"20":{"start":{"line":35,"column":5},"end":{"line":35,"column":49}},"21":{"start":{"line":37,"column":5},"end":{"line":37,"column":20}},"22":{"start":{"line":38,"column":5},"end":{"line":38,"column":39}},"23":{"start":{"line":39,"column":5},"end":{"line":39,"column":23}},"24":{"start":{"line":40,"column":5},"end":{"line":40,"column":55}},"25":{"start":{"line":41,"column":5},"end":{"line":41,"column":52}},"26":{"start":{"line":49,"column":0},"end":{"line":65,"column":3}},"27":{"start":{"line":50,"column":1},"end":{"line":62,"column":4}},"28":{"start":{"line":51,"column":2},"end":{"line":54,"column":3}},"29":{"start":{"line":52,"column":3},"end":{"line":52,"column":44}},"30":{"start":{"line":53,"column":3},"end":{"line":53,"column":31}},"31":{"start":{"line":55,"column":2},"end":{"line":61,"column":5}},"32":{"start":{"line":56,"column":3},"end":{"line":60,"column":4}},"33":{"start":{"line":57,"column":4},"end":{"line":57,"column":23}},"34":{"start":{"line":59,"column":4},"end":{"line":59,"column":83}},"35":{"start":{"line":68,"column":0},"end":{"line":76,"column":3}},"36":{"start":{"line":69,"column":1},"end":{"line":75,"column":4}},"37":{"start":{"line":70,"column":2},"end":{"line":74,"column":3}},"38":{"start":{"line":71,"column":3},"end":{"line":71,"column":24}},"39":{"start":{"line":73,"column":4},"end":{"line":73,"column":51}},"40":{"start":{"line":79,"column":0},"end":{"line":88,"column":3}},"41":{"start":{"line":80,"column":1},"end":{"line":87,"column":3}},"42":{"start":{"line":81,"column":2},"end":{"line":86,"column":3}},"43":{"start":{"line":82,"column":3},"end":{"line":82,"column":24}},"44":{"start":{"line":84,"column":3},"end":{"line":84,"column":42}},"45":{"start":{"line":85,"column":3},"end":{"line":85,"column":49}},"46":{"start":{"line":94,"column":0},"end":{"line":94,"column":24}}},"fnMap":{"0":{"name":"(anonymous_0)","decl":{"start":{"line":8,"column":67},"end":{"line":8,"column":68}},"loc":{"start":{"line":8,"column":84},"end":{"line":18,"column":1}},"line":8},"1":{"name":"(anonymous_1)","decl":{"start":{"line":10,"column":36},"end":{"line":10,"column":37}},"loc":{"start":{"line":10,"column":61},"end":{"line":16,"column":2}},"line":10},"2":{"name":"(anonymous_2)","decl":{"start":{"line":21,"column":64},"end":{"line":21,"column":65}},"loc":{"start":{"line":21,"column":81},"end":{"line":46,"column":1}},"line":21},"3":{"name":"(anonymous_3)","decl":{"start":{"line":23,"column":35},"end":{"line":23,"column":36}},"loc":{"start":{"line":23,"column":60},"end":{"line":45,"column":2}},"line":23},"4":{"name":"(anonymous_4)","decl":{"start":{"line":28,"column":35},"end":{"line":28,"column":36}},"loc":{"start":{"line":28,"column":57},"end":{"line":43,"column":4}},"line":28},"5":{"name":"(anonymous_5)","decl":{"start":{"line":49,"column":89},"end":{"line":49,"column":90}},"loc":{"start":{"line":49,"column":106},"end":{"line":65,"column":1}},"line":49},"6":{"name":"(anonymous_6)","decl":{"start":{"line":50,"column":32},"end":{"line":50,"column":33}},"loc":{"start":{"line":50,"column":61},"end":{"line":62,"column":2}},"line":50},"7":{"name":"(anonymous_7)","decl":{"start":{"line":55,"column":41},"end":{"line":55,"column":42}},"loc":{"start":{"line":55,"column":67},"end":{"line":61,"column":3}},"line":55},"8":{"name":"(anonymous_8)","decl":{"start":{"line":68,"column":84},"end":{"line":68,"column":85}},"loc":{"start":{"line":68,"column":101},"end":{"line":76,"column":1}},"line":68},"9":{"name":"(anonymous_9)","decl":{"start":{"line":69,"column":67},"end":{"line":69,"column":68}},"loc":{"start":{"line":69,"column":95},"end":{"line":75,"column":2}},"line":69},"10":{"name":"(anonymous_10)","decl":{"start":{"line":79,"column":87},"end":{"line":79,"column":88}},"loc":{"start":{"line":79,"column":104},"end":{"line":88,"column":1}},"line":79},"11":{"name":"(anonymous_11)","decl":{"start":{"line":80,"column":49},"end":{"line":80,"column":50}},"loc":{"start":{"line":80,"column":62},"end":{"line":87,"column":2}},"line":80}},"branchMap":{"0":{"loc":{"start":{"line":11,"column":2},"end":{"line":15,"column":3}},"type":"if","locations":[{"start":{"line":11,"column":2},"end":{"line":15,"column":3}},{"start":{"line":11,"column":2},"end":{"line":15,"column":3}}],"line":11},"1":{"loc":{"start":{"line":24,"column":2},"end":{"line":44,"column":3}},"type":"if","locations":[{"start":{"line":24,"column":2},"end":{"line":44,"column":3}},{"start":{"line":24,"column":2},"end":{"line":44,"column":3}}],"line":24},"2":{"loc":{"start":{"line":29,"column":4},"end":{"line":42,"column":5}},"type":"if","locations":[{"start":{"line":29,"column":4},"end":{"line":42,"column":5}},{"start":{"line":29,"column":4},"end":{"line":42,"column":5}}],"line":29},"3":{"loc":{"start":{"line":51,"column":2},"end":{"line":54,"column":3}},"type":"if","locations":[{"start":{"line":51,"column":2},"end":{"line":54,"column":3}},{"start":{"line":51,"column":2},"end":{"line":54,"column":3}}],"line":51},"4":{"loc":{"start":{"line":56,"column":3},"end":{"line":60,"column":4}},"type":"if","locations":[{"start":{"line":56,"column":3},"end":{"line":60,"column":4}},{"start":{"line":56,"column":3},"end":{"line":60,"column":4}}],"line":56},"5":{"loc":{"start":{"line":70,"column":2},"end":{"line":74,"column":3}},"type":"if","locations":[{"start":{"line":70,"column":2},"end":{"line":74,"column":3}},{"start":{"line":70,"column":2},"end":{"line":74,"column":3}}],"line":70},"6":{"loc":{"start":{"line":81,"column":2},"end":{"line":86,"column":3}},"type":"if","locations":[{"start":{"line":81,"column":2},"end":{"line":86,"column":3}},{"start":{"line":81,"column":2},"end":{"line":86,"column":3}}],"line":81}},"s":{"0":1,"1":1,"2":1,"3":1,"4":1,"5":1,"6":0,"7":0,"8":0,"9":0,"10":1,"11":0,"12":0,"13":0,"14":0,"15":0,"16":0,"17":0,"18":0,"19":0,"20":0,"21":0,"22":0,"23":0,"24":0,"25":0,"26":1,"27":0,"28":0,"29":0,"30":0,"31":0,"32":0,"33":0,"34":0,"35":1,"36":0,"37":0,"38":0,"39":0,"40":1,"41":0,"42":0,"43":0,"44":0,"45":0,"46":1},"f":{"0":0,"1":0,"2":0,"3":0,"4":0,"5":0,"6":0,"7":0,"8":0,"9":0,"10":0,"11":0},"b":{"0":[0,0],"1":[0,0],"2":[0,0],"3":[0,0],"4":[0,0],"5":[0,0],"6":[0,0]},"_coverageSchema":"1a1c01bbd47fc00a2c39e90264f33305004495a9","hash":"e0ca32f474843f8f88abfb62467e7e0af584cf8f"}
,"/workspace/wdb/Campground_Finder_CS5394/routes/index.js": {"path":"/workspace/wdb/Campground_Finder_CS5394/routes/index.js","statementMap":{"0":{"start":{"line":1,"column":14},"end":{"line":1,"column":32}},"1":{"start":{"line":2,"column":13},"end":{"line":2,"column":29}},"2":{"start":{"line":3,"column":15},"end":{"line":3,"column":34}},"3":{"start":{"line":4,"column":11},"end":{"line":4,"column":36}},"4":{"start":{"line":7,"column":0},"end":{"line":9,"column":3}},"5":{"start":{"line":8,"column":1},"end":{"line":8,"column":23}},"6":{"start":{"line":13,"column":0},"end":{"line":15,"column":3}},"7":{"start":{"line":14,"column":1},"end":{"line":14,"column":24}},"8":{"start":{"line":18,"column":0},"end":{"line":30,"column":4}},"9":{"start":{"line":19,"column":15},"end":{"line":19,"column":54}},"10":{"start":{"line":20,"column":1},"end":{"line":29,"column":4}},"11":{"start":{"line":21,"column":2},"end":{"line":24,"column":3}},"12":{"start":{"line":22,"column":3},"end":{"line":22,"column":35}},"13":{"start":{"line":23,"column":3},"end":{"line":23,"column":36}},"14":{"start":{"line":25,"column":3},"end":{"line":28,"column":6}},"15":{"start":{"line":26,"column":4},"end":{"line":26,"column":69}},"16":{"start":{"line":27,"column":4},"end":{"line":27,"column":33}},"17":{"start":{"line":33,"column":0},"end":{"line":35,"column":3}},"18":{"start":{"line":34,"column":1},"end":{"line":34,"column":21}},"19":{"start":{"line":38,"column":0},"end":{"line":43,"column":3}},"20":{"start":{"line":46,"column":0},"end":{"line":50,"column":3}},"21":{"start":{"line":47,"column":1},"end":{"line":47,"column":14}},"22":{"start":{"line":48,"column":1},"end":{"line":48,"column":41}},"23":{"start":{"line":49,"column":1},"end":{"line":49,"column":30}},"24":{"start":{"line":54,"column":0},"end":{"line":54,"column":24}}},"fnMap":{"0":{"name":"(anonymous_0)","decl":{"start":{"line":7,"column":15},"end":{"line":7,"column":16}},"loc":{"start":{"line":7,"column":32},"end":{"line":9,"column":1}},"line":7},"1":{"name":"(anonymous_1)","decl":{"start":{"line":13,"column":24},"end":{"line":13,"column":25}},"loc":{"start":{"line":13,"column":42},"end":{"line":15,"column":1}},"line":13},"2":{"name":"(anonymous_2)","decl":{"start":{"line":18,"column":26},"end":{"line":18,"column":27}},"loc":{"start":{"line":18,"column":44},"end":{"line":30,"column":2}},"line":18},"3":{"name":"(anonymous_3)","decl":{"start":{"line":20,"column":43},"end":{"line":20,"column":44}},"loc":{"start":{"line":20,"column":62},"end":{"line":29,"column":3}},"line":20},"4":{"name":"(anonymous_4)","decl":{"start":{"line":25,"column":42},"end":{"line":25,"column":43}},"loc":{"start":{"line":25,"column":52},"end":{"line":28,"column":4}},"line":25},"5":{"name":"(anonymous_5)","decl":{"start":{"line":33,"column":22},"end":{"line":33,"column":23}},"loc":{"start":{"line":33,"column":39},"end":{"line":35,"column":1}},"line":33},"6":{"name":"(anonymous_6)","decl":{"start":{"line":42,"column":6},"end":{"line":42,"column":7}},"loc":{"start":{"line":42,"column":23},"end":{"line":43,"column":1}},"line":42},"7":{"name":"(anonymous_7)","decl":{"start":{"line":46,"column":22},"end":{"line":46,"column":23}},"loc":{"start":{"line":46,"column":40},"end":{"line":50,"column":1}},"line":46}},"branchMap":{"0":{"loc":{"start":{"line":21,"column":2},"end":{"line":24,"column":3}},"type":"if","locations":[{"start":{"line":21,"column":2},"end":{"line":24,"column":3}},{"start":{"line":21,"column":2},"end":{"line":24,"column":3}}],"line":21}},"s":{"0":1,"1":1,"2":1,"3":1,"4":1,"5":0,"6":1,"7":0,"8":1,"9":0,"10":0,"11":0,"12":0,"13":0,"14":0,"15":0,"16":0,"17":1,"18":0,"19":1,"20":1,"21":0,"22":0,"23":0,"24":1},"f":{"0":0,"1":0,"2":0,"3":0,"4":0,"5":0,"6":0,"7":0},"b":{"0":[0,0]},"_coverageSchema":"1a1c01bbd47fc00a2c39e90264f33305004495a9","hash":"adb4649ee21f76da08ebcf2a19b227a7d624ca20"}
}
