TN:
SF:app.js
FN:44,(anonymous_0)
FN:57,(anonymous_1)
FNF:2
FNH:0
FNDA:0,(anonymous_0)
FNDA:0,(anonymous_1)
DA:1,2
DA:2,2
DA:3,2
DA:4,2
DA:5,2
DA:6,2
DA:7,2
DA:8,2
DA:9,2
DA:10,2
DA:11,2
DA:12,2
DA:14,2
DA:15,2
DA:16,2
DA:19,2
DA:24,2
DA:25,2
DA:26,2
DA:27,2
DA:28,2
DA:33,2
DA:38,2
DA:39,2
DA:40,2
DA:41,2
DA:42,2
DA:44,2
DA:45,0
DA:46,0
DA:47,0
DA:48,0
DA:51,2
DA:52,2
DA:53,2
DA:56,2
DA:57,0
DA:58,0
DA:62,2
LF:39
LH:33
BRDA:56,0,0,0
BRDA:56,0,1,2
BRF:2
BRH:1
end_of_record
TN:
SF:seeds.js
FN:24,seedDB
FN:26,(anonymous_1)
FN:37,(anonymous_2)
FN:38,(anonymous_3)
FN:48,(anonymous_4)
FNF:5
FNH:0
FNDA:0,seedDB
FNDA:0,(anonymous_1)
FNDA:0,(anonymous_2)
FNDA:0,(anonymous_3)
FNDA:0,(anonymous_4)
DA:1,2
DA:2,2
DA:3,2
DA:6,2
DA:26,0
DA:27,0
DA:28,0
DA:30,0
DA:37,0
DA:38,0
DA:39,0
DA:40,0
DA:42,0
DA:44,0
DA:49,0
DA:50,0
DA:52,0
DA:53,0
DA:54,0
DA:65,2
LF:20
LH:5
BRDA:27,0,0,0
BRDA:27,0,1,0
BRDA:39,1,0,0
BRDA:39,1,1,0
BRDA:49,2,0,0
BRDA:49,2,1,0
BRF:6
BRH:0
end_of_record
TN:
SF:middleware/index.js
FN:6,(anonymous_0)
FN:8,(anonymous_1)
FN:29,(anonymous_2)
FN:31,(anonymous_3)
FN:52,(anonymous_4)
FNF:5
FNH:0
FNDA:0,(anonymous_0)
FNDA:0,(anonymous_1)
FNDA:0,(anonymous_2)
FNDA:0,(anonymous_3)
FNDA:0,(anonymous_4)
DA:1,2
DA:2,2
DA:4,2
DA:6,2
DA:7,0
DA:8,0
DA:9,0
DA:10,0
DA:11,0
DA:14,0
DA:15,0
DA:17,0
DA:18,0
DA:24,0
DA:25,0
DA:29,2
DA:30,0
DA:31,0
DA:32,0
DA:33,0
DA:34,0
DA:37,0
DA:38,0
DA:40,0
DA:41,0
DA:47,0
DA:48,0
DA:52,2
DA:53,0
DA:54,0
DA:56,0
DA:57,0
DA:60,2
LF:33
LH:7
BRDA:7,0,0,0
BRDA:7,0,1,0
BRDA:9,1,0,0
BRDA:9,1,1,0
BRDA:9,2,0,0
BRDA:9,2,1,0
BRDA:14,3,0,0
BRDA:14,3,1,0
BRDA:30,4,0,0
BRDA:30,4,1,0
BRDA:32,5,0,0
BRDA:32,5,1,0
BRDA:32,6,0,0
BRDA:32,6,1,0
BRDA:37,7,0,0
BRDA:37,7,1,0
BRDA:53,8,0,0
BRDA:53,8,1,0
BRF:18
BRH:0
end_of_record
TN:
SF:models/campground.js
FNF:0
FNH:0
DA:1,3
DA:3,3
DA:23,3
LF:3
LH:3
BRF:0
BRH:0
end_of_record
TN:
SF:models/comment.js
FNF:0
FNH:0
DA:1,3
DA:3,3
DA:14,3
LF:3
LH:3
BRF:0
BRH:0
end_of_record
TN:
SF:models/user.js
FNF:0
FNH:0
DA:1,4
DA:2,4
DA:4,4
DA:9,4
DA:11,4
LF:5
LH:5
BRF:0
BRH:0
end_of_record
TN:
SF:routes/campgrounds.js
FN:8,(anonymous_0)
FN:11,(anonymous_1)
FN:15,(anonymous_2)
FN:26,(anonymous_3)
FN:37,(anonymous_4)
FN:49,(anonymous_5)
FN:60,(anonymous_6)
FN:65,(anonymous_7)
FN:67,(anonymous_8)
FN:80,(anonymous_9)
FN:82,(anonymous_10)
FN:90,(anonymous_11)
FN:92,(anonymous_12)
FN:103,(anonymous_13)
FN:104,(anonymous_14)
FNF:15
FNH:0
FNDA:0,(anonymous_0)
FNDA:0,(anonymous_1)
FNDA:0,(anonymous_2)
FNDA:0,(anonymous_3)
FNDA:0,(anonymous_4)
FNDA:0,(anonymous_5)
FNDA:0,(anonymous_6)
FNDA:0,(anonymous_7)
FNDA:0,(anonymous_8)
FNDA:0,(anonymous_9)
FNDA:0,(anonymous_10)
FNDA:0,(anonymous_11)
FNDA:0,(anonymous_12)
FNDA:0,(anonymous_13)
FNDA:0,(anonymous_14)
DA:1,2
DA:2,2
DA:3,2
DA:4,2
DA:8,2
DA:11,2
DA:12,0
DA:13,0
DA:14,0
DA:15,0
DA:16,0
DA:18,0
DA:19,0
DA:21,0
DA:26,0
DA:27,0
DA:28,0
DA:30,0
DA:37,2
DA:39,0
DA:40,0
DA:41,0
DA:42,0
DA:43,0
DA:47,0
DA:49,0
DA:50,0
DA:51,0
DA:54,0
DA:60,2
DA:61,0
DA:65,2
DA:67,0
DA:68,0
DA:69,0
DA:70,0
DA:74,0
DA:80,2
DA:82,0
DA:83,0
DA:90,2
DA:92,0
DA:93,0
DA:94,0
DA:96,0
DA:103,2
DA:104,0
DA:105,0
DA:106,0
DA:108,0
DA:117,2
LF:51
LH:13
BRDA:13,0,0,0
BRDA:13,0,1,0
BRDA:16,1,0,0
BRDA:16,1,1,0
BRDA:18,2,0,0
BRDA:18,2,1,0
BRDA:27,3,0,0
BRDA:27,3,1,0
BRDA:50,4,0,0
BRDA:50,4,1,0
BRDA:68,5,0,0
BRDA:68,5,1,0
BRDA:68,6,0,0
BRDA:68,6,1,0
BRDA:93,7,0,0
BRDA:93,7,1,0
BRDA:105,8,0,0
BRDA:105,8,1,0
BRF:18
BRH:0
end_of_record
TN:
SF:routes/comments.js
FN:8,(anonymous_0)
FN:10,(anonymous_1)
FN:21,(anonymous_2)
FN:23,(anonymous_3)
FN:28,(anonymous_4)
FN:49,(anonymous_5)
FN:50,(anonymous_6)
FN:55,(anonymous_7)
FN:68,(anonymous_8)
FN:69,(anonymous_9)
FN:79,(anonymous_10)
FN:80,(anonymous_11)
FNF:12
FNH:0
FNDA:0,(anonymous_0)
FNDA:0,(anonymous_1)
FNDA:0,(anonymous_2)
FNDA:0,(anonymous_3)
FNDA:0,(anonymous_4)
FNDA:0,(anonymous_5)
FNDA:0,(anonymous_6)
FNDA:0,(anonymous_7)
FNDA:0,(anonymous_8)
FNDA:0,(anonymous_9)
FNDA:0,(anonymous_10)
FNDA:0,(anonymous_11)
DA:1,2
DA:2,2
DA:3,2
DA:4,2
DA:5,2
DA:8,2
DA:10,0
DA:11,0
DA:12,0
DA:14,0
DA:21,2
DA:23,0
DA:24,0
DA:25,0
DA:26,0
DA:28,0
DA:29,0
DA:30,0
DA:31,0
DA:34,0
DA:35,0
DA:37,0
DA:38,0
DA:39,0
DA:40,0
DA:41,0
DA:49,2
DA:50,0
DA:51,0
DA:52,0
DA:53,0
DA:55,0
DA:56,0
DA:57,0
DA:59,0
DA:68,2
DA:69,0
DA:70,0
DA:71,0
DA:73,0
DA:79,2
DA:80,0
DA:81,0
DA:82,0
DA:84,0
DA:85,0
DA:94,2
LF:47
LH:11
BRDA:11,0,0,0
BRDA:11,0,1,0
BRDA:24,1,0,0
BRDA:24,1,1,0
BRDA:29,2,0,0
BRDA:29,2,1,0
BRDA:51,3,0,0
BRDA:51,3,1,0
BRDA:56,4,0,0
BRDA:56,4,1,0
BRDA:70,5,0,0
BRDA:70,5,1,0
BRDA:81,6,0,0
BRDA:81,6,1,0
BRF:14
BRH:0
end_of_record
TN:
SF:routes/index.js
FN:7,(anonymous_0)
FN:13,(anonymous_1)
FN:18,(anonymous_2)
FN:20,(anonymous_3)
FN:25,(anonymous_4)
FN:33,(anonymous_5)
FN:42,(anonymous_6)
FN:46,(anonymous_7)
FNF:8
FNH:0
FNDA:0,(anonymous_0)
FNDA:0,(anonymous_1)
FNDA:0,(anonymous_2)
FNDA:0,(anonymous_3)
FNDA:0,(anonymous_4)
FNDA:0,(anonymous_5)
FNDA:0,(anonymous_6)
FNDA:0,(anonymous_7)
DA:1,3
DA:2,3
DA:3,3
DA:4,3
DA:7,3
DA:8,0
DA:13,3
DA:14,0
DA:18,3
DA:19,0
DA:20,0
DA:21,0
DA:22,0
DA:23,0
DA:25,0
DA:26,0
DA:27,0
DA:33,3
DA:34,0
DA:38,3
DA:46,3
DA:47,0
DA:48,0
DA:49,0
DA:54,3
LF:25
LH:11
BRDA:21,0,0,0
BRDA:21,0,1,0
BRF:2
BRH:0
end_of_record
